<?xml version="1.0" encoding="UTF-8"?>
<!-- Generated by org.testng.reporters.JUnitReportReporter -->
<testsuite skipped="0" hostname="Admin-PC" name="com.digitalpoint.testcase.LoginPageTest" tests="2" failures="0" timestamp="2019-12-27T09:17:10 EST" time="39.940" errors="0">
  <testcase name="verfyLoginPageTitle" time="16.458" classname="com.digitalpoint.testcase.LoginPageTest"/>
  <testcase name="userlogin" time="23.482" classname="com.digitalpoint.testcase.LoginPageTest"/>
</testsuite> <!-- com.digitalpoint.testcase.LoginPageTest -->
