<?xml version="1.0" encoding="UTF-8"?>
<!-- Generated by org.testng.reporters.JUnitReportReporter -->
<testsuite skipped="0" hostname="Admin-PC" name="com.digitalpoint.testcase.HomePageTest" tests="2" failures="0" timestamp="2019-12-27T09:17:10 EST" time="46.593" errors="0">
  <testcase name="verfyHomePageTitle" time="23.445" classname="com.digitalpoint.testcase.HomePageTest"/>
  <testcase name="checkElement" time="23.148" classname="com.digitalpoint.testcase.HomePageTest"/>
</testsuite> <!-- com.digitalpoint.testcase.HomePageTest -->
