<?xml version="1.0" encoding="UTF-8"?>
<!-- Generated by org.testng.reporters.JUnitReportReporter -->
<testsuite skipped="0" hostname="Admin-PC" name="com.digitalpoint.testcase.LoginPageTest" tests="2" failures="0" timestamp="2019-12-27T09:10:22 EST" time="39.311" errors="0">
  <testcase name="verfyLoginPageTitle" time="16.775" classname="com.digitalpoint.testcase.LoginPageTest"/>
  <testcase name="userlogin" time="22.536" classname="com.digitalpoint.testcase.LoginPageTest"/>
</testsuite> <!-- com.digitalpoint.testcase.LoginPageTest -->
